{"/home/matt/Documents/react/bpdts_people_typescript/server/src/app.ts": {"path":"/home/matt/Documents/react/bpdts_people_typescript/server/src/app.ts","statementMap":{"0":{"start":{"line":1,"column":0},"end":{"line":1,"column":42}},"1":{"start":{"line":2,"column":0},"end":{"line":2,"column":23}},"2":{"start":{"line":3,"column":0},"end":{"line":3,"column":35}},"3":{"start":{"line":5,"column":21},"end":{"line":5,"column":30}},"4":{"start":{"line":7,"column":30},"end":{"line":7,"column":54}},"5":{"start":{"line":9,"column":0},"end":{"line":9,"column":null}},"6":{"start":{"line":10,"column":0},"end":{"line":10,"column":null}},"7":{"start":{"line":12,"column":0},"end":{"line":14,"column":null}},"8":{"start":{"line":13,"column":6},"end":{"line":13,"column":63}},"9":{"start":{"line":16,"column":0},"end":{"line":16,"column":19}}},"fnMap":{"0":{"name":"(anonymous_1)","decl":{"start":{"line":12,"column":17},"end":{"line":12,"column":20}},"loc":{"start":{"line":13,"column":6},"end":{"line":13,"column":63}}}},"branchMap":{"0":{"loc":{"start":{"line":7,"column":30},"end":{"line":7,"column":46}},"type":"binary-expr","locations":[{"start":{"line":7,"column":30},"end":{"line":7,"column":46}},{"start":{"line":7,"column":50},"end":{"line":7,"column":54}}]}},"s":{"0":1,"1":1,"2":1,"3":1,"4":1,"5":1,"6":1,"7":1,"8":1,"9":1},"f":{"0":1},"b":{"0":[1,1]}}
,"/home/matt/Documents/react/bpdts_people_typescript/server/src/controllers/people/index.ts": {"path":"/home/matt/Documents/react/bpdts_people_typescript/server/src/controllers/people/index.ts","statementMap":{"0":{"start":{"line":2,"column":0},"end":{"line":2,"column":44}},"1":{"start":{"line":4,"column":25},"end":{"line":4,"column":72}},"2":{"start":{"line":6,"column":24},"end":{"line":6,"column":83}},"3":{"start":{"line":8,"column":18},"end":{"line":20,"column":null}},"4":{"start":{"line":8,"column":71},"end":{"line":20,"column":null}},"5":{"start":{"line":10,"column":23},"end":{"line":10,"column":25}},"6":{"start":{"line":12,"column":18},"end":{"line":12,"column":34}},"7":{"start":{"line":14,"column":17},"end":{"line":14,"column":32}},"8":{"start":{"line":16,"column":2},"end":{"line":16,"column":46}},"9":{"start":{"line":18,"column":4},"end":{"line":18,"column":null}},"10":{"start":{"line":65,"column":11},"end":{"line":65,"column":20}},"11":{"start":{"line":22,"column":17},"end":{"line":42,"column":null}},"12":{"start":{"line":22,"column":45},"end":{"line":42,"column":null}},"13":{"start":{"line":24,"column":23},"end":{"line":24,"column":25}},"14":{"start":{"line":26,"column":2},"end":{"line":40,"column":null}},"15":{"start":{"line":27,"column":42},"end":{"line":28,"column":null}},"16":{"start":{"line":31,"column":4},"end":{"line":35,"column":null}},"17":{"start":{"line":32,"column":4},"end":{"line":34,"column":null}},"18":{"start":{"line":33,"column":5},"end":{"line":33,"column":23}},"19":{"start":{"line":36,"column":2},"end":{"line":36,"column":16}},"20":{"start":{"line":39,"column":6},"end":{"line":39,"column":null}},"21":{"start":{"line":44,"column":16},"end":{"line":63,"column":null}},"22":{"start":{"line":44,"column":44},"end":{"line":63,"column":null}},"23":{"start":{"line":46,"column":23},"end":{"line":46,"column":25}},"24":{"start":{"line":48,"column":2},"end":{"line":61,"column":null}},"25":{"start":{"line":49,"column":42},"end":{"line":50,"column":null}},"26":{"start":{"line":53,"column":4},"end":{"line":55,"column":null}},"27":{"start":{"line":54,"column":5},"end":{"line":54,"column":23}},"28":{"start":{"line":57,"column":2},"end":{"line":57,"column":16}},"29":{"start":{"line":60,"column":6},"end":{"line":60,"column":null}}},"fnMap":{"0":{"name":"(anonymous_8)","decl":{"start":{"line":8,"column":18},"end":{"line":8,"column":25}},"loc":{"start":{"line":8,"column":71},"end":{"line":20,"column":null}}},"1":{"name":"(anonymous_9)","decl":{"start":{"line":8,"column":71},"end":{"line":8,"column":null}},"loc":{"start":{"line":8,"column":71},"end":{"line":20,"column":1}}},"2":{"name":"(anonymous_10)","decl":{"start":{"line":22,"column":17},"end":{"line":22,"column":43}},"loc":{"start":{"line":22,"column":45},"end":{"line":42,"column":null}}},"3":{"name":"(anonymous_11)","decl":{"start":{"line":22,"column":45},"end":{"line":22,"column":null}},"loc":{"start":{"line":22,"column":45},"end":{"line":42,"column":1}}},"4":{"name":"(anonymous_12)","decl":{"start":{"line":31,"column":24},"end":{"line":31,"column":34}},"loc":{"start":{"line":31,"column":45},"end":{"line":35,"column":3}}},"5":{"name":"(anonymous_13)","decl":{"start":{"line":44,"column":16},"end":{"line":44,"column":42}},"loc":{"start":{"line":44,"column":44},"end":{"line":63,"column":null}}},"6":{"name":"(anonymous_14)","decl":{"start":{"line":44,"column":44},"end":{"line":44,"column":null}},"loc":{"start":{"line":44,"column":44},"end":{"line":63,"column":1}}},"7":{"name":"(anonymous_15)","decl":{"start":{"line":53,"column":24},"end":{"line":53,"column":34}},"loc":{"start":{"line":53,"column":45},"end":{"line":55,"column":5}}}},"branchMap":{"0":{"loc":{"start":{"line":32,"column":4},"end":{"line":34,"column":null}},"type":"if","locations":[{"start":{"line":32,"column":4},"end":{"line":34,"column":null}},{"start":{"line":32,"column":4},"end":{"line":34,"column":null}}]},"1":{"loc":{"start":{"line":32,"column":8},"end":{"line":32,"column":27}},"type":"binary-expr","locations":[{"start":{"line":32,"column":8},"end":{"line":32,"column":27}},{"start":{"line":32,"column":31},"end":{"line":32,"column":50}},{"start":{"line":32,"column":54},"end":{"line":32,"column":74}},{"start":{"line":32,"column":78},"end":{"line":32,"column":97}}]}},"s":{"0":1,"1":1,"2":1,"3":1,"4":1,"5":1,"6":1,"7":1,"8":1,"9":1,"10":1,"11":1,"12":1,"13":1,"14":1,"15":1,"16":1,"17":1000,"18":3,"19":1,"20":0,"21":1,"22":1,"23":1,"24":1,"25":1,"26":1,"27":6,"28":1,"29":0},"f":{"0":1,"1":1,"2":1,"3":1,"4":1000,"5":1,"6":1,"7":6},"b":{"0":[3,997],"1":[1000,134,43,42]}}
,"/home/matt/Documents/react/bpdts_people_typescript/server/src/routes/index.ts": {"path":"/home/matt/Documents/react/bpdts_people_typescript/server/src/routes/index.ts","statementMap":{"0":{"start":{"line":1,"column":0},"end":{"line":1,"column":32}},"1":{"start":{"line":2,"column":0},"end":{"line":2,"column":55}},"2":{"start":{"line":4,"column":23},"end":{"line":4,"column":31}},"3":{"start":{"line":6,"column":0},"end":{"line":6,"column":null}},"4":{"start":{"line":8,"column":0},"end":{"line":8,"column":null}}},"fnMap":{},"branchMap":{},"s":{"0":1,"1":1,"2":1,"3":1,"4":1},"f":{},"b":{}}
}
