TN:
SF:src/app.ts
FN:12,(anonymous_1)
FNF:1
FNH:1
FNDA:1,(anonymous_1)
DA:1,1
DA:2,1
DA:3,1
DA:5,1
DA:7,1
DA:9,1
DA:10,1
DA:12,1
DA:13,1
DA:16,1
LF:10
LH:10
BRDA:7,0,0,1
BRDA:7,0,1,1
BRF:2
BRH:2
end_of_record
TN:
SF:src/controllers/people/index.ts
FN:8,(anonymous_8)
FN:8,(anonymous_9)
FN:22,(anonymous_10)
FN:22,(anonymous_11)
FN:31,(anonymous_12)
FN:44,(anonymous_13)
FN:44,(anonymous_14)
FN:53,(anonymous_15)
FNF:8
FNH:8
FNDA:1,(anonymous_8)
FNDA:1,(anonymous_9)
FNDA:1,(anonymous_10)
FNDA:1,(anonymous_11)
FNDA:1000,(anonymous_12)
FNDA:1,(anonymous_13)
FNDA:1,(anonymous_14)
FNDA:6,(anonymous_15)
DA:2,1
DA:4,1
DA:6,1
DA:8,1
DA:10,1
DA:12,1
DA:14,1
DA:16,1
DA:18,1
DA:22,1
DA:24,1
DA:26,1
DA:27,1
DA:31,1
DA:32,1000
DA:33,3
DA:36,1
DA:39,0
DA:44,1
DA:46,1
DA:48,1
DA:49,1
DA:53,1
DA:54,6
DA:57,1
DA:60,0
DA:65,1
LF:27
LH:25
BRDA:32,0,0,3
BRDA:32,0,1,997
BRDA:32,1,0,1000
BRDA:32,1,1,134
BRDA:32,1,2,43
BRDA:32,1,3,42
BRF:6
BRH:6
end_of_record
TN:
SF:src/routes/index.ts
FNF:0
FNH:0
DA:1,1
DA:2,1
DA:4,1
DA:6,1
DA:8,1
LF:5
LH:5
BRF:0
BRH:0
end_of_record
